<?xml version="1.0" encoding="UTF-8"?>
<!-- Generated by org.testng.reporters.JUnitReportReporter -->
<testsuite hostname="DESKTOP-3JIP3OF" name="com.cv.testscripts.TestSuite" tests="1" failures="0" timestamp="28 Dec 2016 11:15:28 GMT" time="8.424" errors="0">
  <testcase name="Login" time="8.424" classname="com.cv.testscripts.TestSuite"/>
</testsuite> <!-- com.cv.testscripts.TestSuite -->
