<?xml version="1.0" encoding="UTF-8"?>
<!-- Generated by org.testng.reporters.JUnitReportReporter -->
<testsuite hostname="DESKTOP-3JIP3OF" name="com.cv.testscripts.TestSuite" tests="1" failures="0" timestamp="26 Oct 2016 07:07:09 GMT" time="14.126" errors="0">
  <testcase name="Login" time="14.126" classname="com.cv.testscripts.TestSuite"/>
</testsuite> <!-- com.cv.testscripts.TestSuite -->
